18:19:00:163  INFO 15400 --- [main] com.hmall.trade.TradeApplication         : Starting TradeApplication using Java 17.0.18 on LAPTOP-CBE9ECVH with PID 15400 (C:\Users\lenovo\Desktop\hmall\trade-service\target\classes started by lenovo in C:\Users\lenovo\Desktop\hmall)
18:19:00:166 DEBUG 15400 --- [main] com.hmall.trade.TradeApplication         : Running with Spring Boot v2.7.12, Spring v5.3.27
18:19:00:166  INFO 15400 --- [main] com.hmall.trade.TradeApplication         : The following 1 profile is active: "local"
18:19:01:045  INFO 15400 --- [main] .s.d.r.c.RepositoryConfigurationDelegate : Multiple Spring Data modules found, entering strict repository configuration mode
18:19:01:049  INFO 15400 --- [main] .s.d.r.c.RepositoryConfigurationDelegate : Bootstrapping Spring Data Redis repositories in DEFAULT mode.
18:19:01:068  INFO 15400 --- [main] .s.d.r.c.RepositoryConfigurationDelegate : Finished Spring Data repository scanning in 9 ms. Found 0 Redis repository interfaces.
18:19:01:257  INFO 15400 --- [main] o.s.cloud.context.scope.GenericScope     : BeanFactory id=a68529c6-7c58-3857-9244-5713dfece5a7
18:19:01:669  INFO 15400 --- [main] o.s.b.w.embedded.tomcat.TomcatWebServer  : Tomcat initialized with port(s): 8085 (http)
18:19:01:678  INFO 15400 --- [main] o.apache.catalina.core.StandardService   : Starting service [Tomcat]
18:19:01:678  INFO 15400 --- [main] org.apache.catalina.core.StandardEngine  : Starting Servlet engine: [Apache Tomcat/9.0.75]
18:19:01:845  INFO 15400 --- [main] o.a.c.c.C.[Tomcat].[localhost].[/]       : Initializing Spring embedded WebApplicationContext
18:19:01:845  INFO 15400 --- [main] w.s.c.ServletWebServerApplicationContext : Root WebApplicationContext: initialization completed in 1632 ms
18:19:02:005  INFO 15400 --- [main] o.s.c.openfeign.FeignClientFactoryBean   : For 'item-service' URL not provided. Will try picking an instance via load-balancing.
18:19:02:493  INFO 15400 --- [main] o.s.c.openfeign.FeignClientFactoryBean   : For 'cart-service' URL not provided. Will try picking an instance via load-balancing.
18:19:03:072  INFO 15400 --- [main] pertySourcedRequestMappingHandlerMapping : Mapped URL path [/v2/api-docs] onto method [springfox.documentation.swagger2.web.Swagger2ControllerWebMvc#getDocumentation(String, HttpServletRequest)]
18:19:03:750  INFO 15400 --- [main] com.alibaba.nacos.common.remote.client   : [RpcClientFactory] create a new rpc client of 61cf272a-1c2c-4c9f-bbaa-8dd094149407
18:19:03:803  INFO 15400 --- [main] org.reflections.Reflections              : Reflections took 24 ms to scan 1 urls, producing 3 keys and 6 values 
18:19:03:825  INFO 15400 --- [main] org.reflections.Reflections              : Reflections took 6 ms to scan 1 urls, producing 4 keys and 9 values 
18:19:03:833  INFO 15400 --- [main] org.reflections.Reflections              : Reflections took 5 ms to scan 1 urls, producing 3 keys and 10 values 
18:19:03:834  WARN 15400 --- [main] org.reflections.Reflections              : given scan urls are empty. set urls in the configuration
18:19:03:840  INFO 15400 --- [main] org.reflections.Reflections              : Reflections took 4 ms to scan 1 urls, producing 1 keys and 5 values 
18:19:03:846  INFO 15400 --- [main] org.reflections.Reflections              : Reflections took 4 ms to scan 1 urls, producing 1 keys and 7 values 
18:19:03:859  INFO 15400 --- [main] org.reflections.Reflections              : Reflections took 10 ms to scan 1 urls, producing 2 keys and 8 values 
18:19:03:860  WARN 15400 --- [main] org.reflections.Reflections              : given scan urls are empty. set urls in the configuration
18:19:03:862  INFO 15400 --- [main] com.alibaba.nacos.common.remote.client   : [61cf272a-1c2c-4c9f-bbaa-8dd094149407] RpcClient init label, labels = {module=naming, source=sdk}
18:19:03:864  INFO 15400 --- [main] com.alibaba.nacos.common.remote.client   : [61cf272a-1c2c-4c9f-bbaa-8dd094149407] RpcClient init, ServerListFactory = com.alibaba.nacos.client.naming.core.ServerListManager
18:19:03:864  INFO 15400 --- [main] com.alibaba.nacos.common.remote.client   : [61cf272a-1c2c-4c9f-bbaa-8dd094149407] Registry connection listener to current client:com.alibaba.nacos.client.naming.remote.gprc.redo.NamingGrpcRedoService
18:19:03:864  INFO 15400 --- [main] com.alibaba.nacos.common.remote.client   : [61cf272a-1c2c-4c9f-bbaa-8dd094149407] Register server push request handler:com.alibaba.nacos.client.naming.remote.gprc.NamingPushRequestHandler
18:19:03:866  INFO 15400 --- [main] com.alibaba.nacos.common.remote.client   : [61cf272a-1c2c-4c9f-bbaa-8dd094149407] Try to connect to server on start up, server: {serverIp = '192.168.81.128', server main port = 8848}
18:19:04:835  INFO 15400 --- [main] com.alibaba.nacos.common.remote.client   : [61cf272a-1c2c-4c9f-bbaa-8dd094149407] Success to connect to server [192.168.81.128:8848] on start up, connectionId = 1783329541163_192.168.81.1_64064
18:19:04:835  INFO 15400 --- [com.alibaba.nacos.client.remote.worker] com.alibaba.nacos.common.remote.client   : [61cf272a-1c2c-4c9f-bbaa-8dd094149407] Notify connected event to listeners.
18:19:04:835  INFO 15400 --- [main] com.alibaba.nacos.common.remote.client   : [61cf272a-1c2c-4c9f-bbaa-8dd094149407] Register server push request handler:com.alibaba.nacos.common.remote.client.RpcClient$ConnectResetRequestHandler
18:19:04:837  INFO 15400 --- [main] com.alibaba.nacos.common.remote.client   : [61cf272a-1c2c-4c9f-bbaa-8dd094149407] Register server push request handler:com.alibaba.nacos.common.remote.client.RpcClient$$Lambda$1133/0x000001a18189be68
18:19:04:898  INFO 15400 --- [main] o.s.b.w.embedded.tomcat.TomcatWebServer  : Tomcat started on port(s): 8085 (http) with context path ''
18:19:04:917  INFO 15400 --- [main] c.a.c.n.registry.NacosServiceRegistry    : nacos registry, DEFAULT_GROUP trade-service 10.30.82.30:8085 register finished
18:19:05:142  INFO 15400 --- [main] d.s.w.p.DocumentationPluginsBootstrapper : Documentation plugins bootstrapped
18:19:05:144  INFO 15400 --- [main] d.s.w.p.DocumentationPluginsBootstrapper : Found 1 custom documentation plugin(s)
18:19:05:169  INFO 15400 --- [main] s.d.s.w.s.ApiListingReferenceScanner     : Scanning for api listing references
18:19:05:176  INFO 15400 --- [main] com.hmall.trade.TradeApplication         : Started TradeApplication in 5.789 seconds (JVM running for 6.516)
18:19:05:421  INFO 15400 --- [nacos-grpc-client-executor-11] com.alibaba.nacos.common.remote.client   : [61cf272a-1c2c-4c9f-bbaa-8dd094149407] Receive server push request, request = NotifySubscriberRequest, requestId = 11
18:19:05:424  INFO 15400 --- [nacos-grpc-client-executor-11] com.alibaba.nacos.common.remote.client   : [61cf272a-1c2c-4c9f-bbaa-8dd094149407] Ack server push request, request = NotifySubscriberRequest, requestId = 11
18:27:33:625  WARN 15400 --- [Thread-4] c.a.nacos.common.notify.NotifyCenter     : [NotifyCenter] Start destroying Publisher
18:27:33:625  WARN 15400 --- [Thread-7] c.a.n.common.http.HttpClientBeanHolder   : [HttpClientBeanHolder] Start destroying common HttpClient
18:27:33:628  WARN 15400 --- [Thread-4] c.a.nacos.common.notify.NotifyCenter     : [NotifyCenter] Destruction of the end
18:27:33:633  WARN 15400 --- [Thread-7] c.a.n.common.http.HttpClientBeanHolder   : [HttpClientBeanHolder] Destruction of the end
18:27:33:759  INFO 15400 --- [SpringApplicationShutdownHook] c.a.c.n.registry.NacosServiceRegistry    : De-registering from Nacos Server now...
18:27:33:767  INFO 15400 --- [SpringApplicationShutdownHook] c.a.c.n.registry.NacosServiceRegistry    : De-registration finished.
18:27:34:098  INFO 15400 --- [SpringApplicationShutdownHook] com.alibaba.nacos.common.remote.client   : Shutdown rpc client, set status to shutdown
18:27:34:098  INFO 15400 --- [SpringApplicationShutdownHook] com.alibaba.nacos.common.remote.client   : Shutdown client event executor java.util.concurrent.ScheduledThreadPoolExecutor@2e7dac64[Running, pool size = 2, active threads = 2, queued tasks = 0, completed tasks = 0]
18:27:34:098  INFO 15400 --- [SpringApplicationShutdownHook] com.alibaba.nacos.common.remote.client   : Close current connection 1783329541163_192.168.81.1_64064
18:27:34:265  INFO 15400 --- [nacos-grpc-client-executor-130] c.a.n.c.remote.client.grpc.GrpcClient    : [1783329541163_192.168.81.1_64064]Ignore complete event,isRunning:false,isAbandon=false
18:27:34:274  INFO 15400 --- [SpringApplicationShutdownHook] c.a.n.c.remote.client.grpc.GrpcClient    : Shutdown grpc executor java.util.concurrent.ThreadPoolExecutor@33fbc11d[Running, pool size = 5, active threads = 0, queued tasks = 0, completed tasks = 131]
