15:43:16:698  INFO 36948 --- [main] com.hmall.user.UserApplication           : Starting UserApplication using Java 17.0.18 on LAPTOP-CBE9ECVH with PID 36948 (C:\Users\lenovo\Desktop\hmall\user-service\target\classes started by lenovo in C:\Users\lenovo\Desktop\hmall)
15:43:16:701 DEBUG 36948 --- [main] com.hmall.user.UserApplication           : Running with Spring Boot v2.7.12, Spring v5.3.27
15:43:16:701  INFO 36948 --- [main] com.hmall.user.UserApplication           : The following 1 profile is active: "local"
15:43:17:772  INFO 36948 --- [main] .s.d.r.c.RepositoryConfigurationDelegate : Multiple Spring Data modules found, entering strict repository configuration mode
15:43:17:775  INFO 36948 --- [main] .s.d.r.c.RepositoryConfigurationDelegate : Bootstrapping Spring Data Redis repositories in DEFAULT mode.
15:43:17:797  INFO 36948 --- [main] .s.d.r.c.RepositoryConfigurationDelegate : Finished Spring Data repository scanning in 10 ms. Found 0 Redis repository interfaces.
15:43:18:012  INFO 36948 --- [main] o.s.cloud.context.scope.GenericScope     : BeanFactory id=4ebd71d0-66d7-3401-bad4-85561d03f4f7
15:43:18:404  INFO 36948 --- [main] o.s.b.w.embedded.tomcat.TomcatWebServer  : Tomcat initialized with port(s): 8084 (http)
15:43:18:413  INFO 36948 --- [main] o.apache.catalina.core.StandardService   : Starting service [Tomcat]
15:43:18:413  INFO 36948 --- [main] org.apache.catalina.core.StandardEngine  : Starting Servlet engine: [Apache Tomcat/9.0.75]
15:43:18:550  INFO 36948 --- [main] o.a.c.c.C.[Tomcat].[localhost].[/]       : Initializing Spring embedded WebApplicationContext
15:43:18:550  INFO 36948 --- [main] w.s.c.ServletWebServerApplicationContext : Root WebApplicationContext: initialization completed in 1804 ms
15:43:19:868  INFO 36948 --- [main] pertySourcedRequestMappingHandlerMapping : Mapped URL path [/v2/api-docs] onto method [springfox.documentation.swagger2.web.Swagger2ControllerWebMvc#getDocumentation(String, HttpServletRequest)]
15:43:20:972  INFO 36948 --- [main] com.alibaba.nacos.common.remote.client   : [RpcClientFactory] create a new rpc client of 2e4633c8-5bb2-4795-bd7c-264c3d408db6
15:43:21:042  INFO 36948 --- [main] org.reflections.Reflections              : Reflections took 28 ms to scan 1 urls, producing 3 keys and 6 values 
15:43:21:072  INFO 36948 --- [main] org.reflections.Reflections              : Reflections took 9 ms to scan 1 urls, producing 4 keys and 9 values 
15:43:21:078  INFO 36948 --- [main] org.reflections.Reflections              : Reflections took 4 ms to scan 1 urls, producing 3 keys and 10 values 
15:43:21:080  WARN 36948 --- [main] org.reflections.Reflections              : given scan urls are empty. set urls in the configuration
15:43:21:085  INFO 36948 --- [main] org.reflections.Reflections              : Reflections took 4 ms to scan 1 urls, producing 1 keys and 5 values 
15:43:21:090  INFO 36948 --- [main] org.reflections.Reflections              : Reflections took 4 ms to scan 1 urls, producing 1 keys and 7 values 
15:43:21:097  INFO 36948 --- [main] org.reflections.Reflections              : Reflections took 4 ms to scan 1 urls, producing 2 keys and 8 values 
15:43:21:099  WARN 36948 --- [main] org.reflections.Reflections              : given scan urls are empty. set urls in the configuration
15:43:21:100  INFO 36948 --- [main] com.alibaba.nacos.common.remote.client   : [2e4633c8-5bb2-4795-bd7c-264c3d408db6] RpcClient init label, labels = {module=naming, source=sdk}
15:43:21:102  INFO 36948 --- [main] com.alibaba.nacos.common.remote.client   : [2e4633c8-5bb2-4795-bd7c-264c3d408db6] RpcClient init, ServerListFactory = com.alibaba.nacos.client.naming.core.ServerListManager
15:43:21:102  INFO 36948 --- [main] com.alibaba.nacos.common.remote.client   : [2e4633c8-5bb2-4795-bd7c-264c3d408db6] Registry connection listener to current client:com.alibaba.nacos.client.naming.remote.gprc.redo.NamingGrpcRedoService
15:43:21:103  INFO 36948 --- [main] com.alibaba.nacos.common.remote.client   : [2e4633c8-5bb2-4795-bd7c-264c3d408db6] Register server push request handler:com.alibaba.nacos.client.naming.remote.gprc.NamingPushRequestHandler
15:43:21:104  INFO 36948 --- [main] com.alibaba.nacos.common.remote.client   : [2e4633c8-5bb2-4795-bd7c-264c3d408db6] Try to connect to server on start up, server: {serverIp = '192.168.81.128', server main port = 8848}
15:43:22:182  INFO 36948 --- [main] com.alibaba.nacos.common.remote.client   : [2e4633c8-5bb2-4795-bd7c-264c3d408db6] Success to connect to server [192.168.81.128:8848] on start up, connectionId = 1782801798609_192.168.81.1_61967
15:43:22:183  INFO 36948 --- [com.alibaba.nacos.client.remote.worker] com.alibaba.nacos.common.remote.client   : [2e4633c8-5bb2-4795-bd7c-264c3d408db6] Notify connected event to listeners.
15:43:22:183  INFO 36948 --- [main] com.alibaba.nacos.common.remote.client   : [2e4633c8-5bb2-4795-bd7c-264c3d408db6] Register server push request handler:com.alibaba.nacos.common.remote.client.RpcClient$ConnectResetRequestHandler
15:43:22:184  INFO 36948 --- [main] com.alibaba.nacos.common.remote.client   : [2e4633c8-5bb2-4795-bd7c-264c3d408db6] Register server push request handler:com.alibaba.nacos.common.remote.client.RpcClient$$Lambda$1115/0x0000028d2a8d4bb0
15:43:22:224  INFO 36948 --- [main] o.s.b.w.embedded.tomcat.TomcatWebServer  : Tomcat started on port(s): 8084 (http) with context path ''
15:43:22:233  INFO 36948 --- [main] c.a.c.n.registry.NacosServiceRegistry    : nacos registry, DEFAULT_GROUP user-service 192.168.223.1:8084 register finished
15:43:22:410  INFO 36948 --- [main] d.s.w.p.DocumentationPluginsBootstrapper : Documentation plugins bootstrapped
15:43:22:414  INFO 36948 --- [main] d.s.w.p.DocumentationPluginsBootstrapper : Found 1 custom documentation plugin(s)
15:43:22:432  INFO 36948 --- [main] s.d.s.w.s.ApiListingReferenceScanner     : Scanning for api listing references
15:43:22:444  INFO 36948 --- [main] com.hmall.user.UserApplication           : Started UserApplication in 6.479 seconds (JVM running for 7.31)
15:43:22:738  INFO 36948 --- [nacos-grpc-client-executor-9] com.alibaba.nacos.common.remote.client   : [2e4633c8-5bb2-4795-bd7c-264c3d408db6] Receive server push request, request = NotifySubscriberRequest, requestId = 13
15:43:22:741  INFO 36948 --- [nacos-grpc-client-executor-9] com.alibaba.nacos.common.remote.client   : [2e4633c8-5bb2-4795-bd7c-264c3d408db6] Ack server push request, request = NotifySubscriberRequest, requestId = 13
15:44:10:849  WARN 36948 --- [Thread-7] c.a.n.common.http.HttpClientBeanHolder   : [HttpClientBeanHolder] Start destroying common HttpClient
15:44:10:849  WARN 36948 --- [Thread-4] c.a.nacos.common.notify.NotifyCenter     : [NotifyCenter] Start destroying Publisher
15:44:10:852  WARN 36948 --- [Thread-4] c.a.nacos.common.notify.NotifyCenter     : [NotifyCenter] Destruction of the end
15:44:10:854  WARN 36948 --- [Thread-7] c.a.n.common.http.HttpClientBeanHolder   : [HttpClientBeanHolder] Destruction of the end
15:44:10:935  INFO 36948 --- [SpringApplicationShutdownHook] c.a.c.n.registry.NacosServiceRegistry    : De-registering from Nacos Server now...
15:44:10:941  INFO 36948 --- [SpringApplicationShutdownHook] c.a.c.n.registry.NacosServiceRegistry    : De-registration finished.
15:44:11:267  INFO 36948 --- [SpringApplicationShutdownHook] com.alibaba.nacos.common.remote.client   : Shutdown rpc client, set status to shutdown
15:44:11:268  INFO 36948 --- [SpringApplicationShutdownHook] com.alibaba.nacos.common.remote.client   : Shutdown client event executor java.util.concurrent.ScheduledThreadPoolExecutor@23f360d5[Running, pool size = 2, active threads = 2, queued tasks = 0, completed tasks = 0]
15:44:11:268  INFO 36948 --- [SpringApplicationShutdownHook] com.alibaba.nacos.common.remote.client   : Close current connection 1782801798609_192.168.81.1_61967
15:44:11:271  INFO 36948 --- [nacos-grpc-client-executor-22] c.a.n.c.remote.client.grpc.GrpcClient    : [1782801798609_192.168.81.1_61967]Ignore complete event,isRunning:false,isAbandon=false
15:44:11:273  INFO 36948 --- [SpringApplicationShutdownHook] c.a.n.c.remote.client.grpc.GrpcClient    : Shutdown grpc executor java.util.concurrent.ThreadPoolExecutor@6f963369[Running, pool size = 4, active threads = 0, queued tasks = 0, completed tasks = 23]
